<?xml version="1.0" encoding="UTF-8"?>
<testsuites name="Mocha Tests" time="8.581" tests="3" failures="0">
  <testsuite name="Root Suite" timestamp="2025-02-19T09:59:45" tests="0" file="cypress\e2e\features\register\register.feature" time="0.000" failures="0">
  </testsuite>
  <testsuite name="User Registration" timestamp="2025-02-19T09:59:45" tests="3" time="8.574" failures="0">
    <testcase name="User Registration Successful registration" time="3.783" classname="Successful registration">
    </testcase>
    <testcase name="User Registration Registration fails due to short password" time="2.170" classname="Registration fails due to short password">
    </testcase>
    <testcase name="User Registration Registration fails due to long password" time="2.486" classname="Registration fails due to long password">
    </testcase>
  </testsuite>
</testsuites>